<?xml version="1.0" encoding="UTF-8"?>
<!-- Generated by org.testng.reporters.JUnitReportReporter -->
<testsuite hostname="NGBLR-00763" name="Academy.HomePage1" tests="2" failures="0" timestamp="17 Nov 2020 17:53:06 GMT" time="18.159" errors="0">
  <testcase name="baseNavigation" time="11.611" classname="Academy.HomePage1"/>
  <testcase name="baseNavigation" time="6.548" classname="Academy.HomePage1"/>
</testsuite> <!-- Academy.HomePage1 -->
