<?xml version="1.0" encoding="UTF-8"?>
<!-- Generated by org.testng.reporters.JUnitReportReporter -->
<testsuite hostname="NGBLR-00763" name="cucumberOptions.TestRunner" tests="1" failures="0" timestamp="22 Nov 2020 22:58:00 GMT" time="30.007" errors="0">
  <testcase name="feature" time="30.007" classname="cucumberOptions.TestRunner"/>
</testsuite> <!-- cucumberOptions.TestRunner -->
