<?xml version="1.0" encoding="UTF-8"?>
<!-- Generated by org.testng.reporters.JUnitReportReporter -->
<testsuite hostname="NGBLR-00763" name="Academy.HomePage" tests="2" failures="0" timestamp="19 Nov 2020 15:41:24 GMT" time="5.376" errors="0">
  <testcase name="baseNavigation" time="3.674" classname="Academy.HomePage"/>
  <testcase name="baseNavigation" time="1.702" classname="Academy.HomePage"/>
</testsuite> <!-- Academy.HomePage -->
